A new GET requires for /properties/all was received. It took 30.75 milliseconds to be resolved
A new GET requires for /csrf-token was received. It took 3.38 milliseconds to be resolved
A new GET requires for /properties/all was received. It took 12.65 milliseconds to be resolved
A new GET requires for /properties/all was received. It took 9.69 milliseconds to be resolved
A new GET requires for /properties/all was received. It took 12.77 milliseconds to be resolved
A new GET requires for /properties/all was received. It took 17.07 milliseconds to be resolved
A new GET requires for /blogs/all was received. It took 15.01 milliseconds to be resolved
A new GET requires for /csrf-token was received. It took 1.50 milliseconds to be resolved
A new GET requires for /blogs/all was received. It took 8.22 milliseconds to be resolved
A new GET requires for /properties/all was received. It took 10.07 milliseconds to be resolved
A new GET requires for /blogs/all was received. It took 6.51 milliseconds to be resolved
A new GET requires for /users/all was received. It took 3.49 milliseconds to be resolved
A new GET requires for /csrf-token was received. It took 0.97 milliseconds to be resolved
A new GET requires for /csrf-token was received. It took 1.15 milliseconds to be resolved
A new GET requires for /blogs/all was received. It took 4.10 milliseconds to be resolved
A new GET requires for /csrf-token was received. It took 1.04 milliseconds to be resolved
A new GET requires for /csrf-token was received. It took 0.86 milliseconds to be resolved
A new GET requires for /properties/all was received. It took 9.28 milliseconds to be resolved
A new GET requires for /properties/all was received. It took 9.21 milliseconds to be resolved
A new GET requires for /properties/all was received. It took 9.16 milliseconds to be resolved
A new GET requires for /properties/user/656c5783553814fd0ebd7bd1 was received. It took 3.63 milliseconds to be resolved
A new GET requires for /properties/all was received. It took 43.08 milliseconds to be resolved
A new GET requires for /auth/verify was received. It took 40.16 milliseconds to be resolved
A new GET requires for /csrf-token was received. It took 2.37 milliseconds to be resolved
A new GET requires for /properties/user/656c5783553814fd0ebd7bd1 was received. It took 6.23 milliseconds to be resolved
A new GET requires for /properties/getWishlist/656c5783553814fd0ebd7bd1 was received. It took 15.23 milliseconds to be resolved
A new GET requires for /csrf-token was received. It took 1.56 milliseconds to be resolved
A new GET requires for /profileImage/18dd4a2b1a9Screenshot%202023-12-02%20022215.png was received. It took 2.41 milliseconds to be resolved
A new GET requires for /properties/all was received. It took 10.88 milliseconds to be resolved
A new GET requires for /csrf-token was received. It took 1.43 milliseconds to be resolved
