A new GET requires for /csrf-token was received. It took 10.90 milliseconds to be resolved
A new GET requires for /properties/all was received. It took 53.02 milliseconds to be resolved
A new GET requires for /auth/verify was received. It took 55.49 milliseconds to be resolved
A new GET requires for /blogs/all was received. It took 6.35 milliseconds to be resolved
A new GET requires for /users/all was received. It took 7.66 milliseconds to be resolved
A new GET requires for /csrf-token was received. It took 1.17 milliseconds to be resolved
A new GET requires for /csrf-token was received. It took 0.93 milliseconds to be resolved
A new GET requires for /csrf-token was received. It took 0.82 milliseconds to be resolved
A new GET requires for /csrf-token was received. It took 1.18 milliseconds to be resolved
A new GET requires for /csrf-token was received. It took 1.57 milliseconds to be resolved
A new GET requires for /csrf-token was received. It took 1.06 milliseconds to be resolved
A new GET requires for /csrf-token was received. It took 0.94 milliseconds to be resolved
A new GET requires for /csrf-token was received. It took 1.15 milliseconds to be resolved
A new GET requires for /csrf-token was received. It took 1.08 milliseconds to be resolved
A new GET requires for /csrf-token was received. It took 0.85 milliseconds to be resolved
A new POST requires for /admin/deleteUserByAdmin was received. It took 4.04 milliseconds to be resolved
A new POST requires for /admin/deleteUserByAdmin was received. It took 3.42 milliseconds to be resolved
A new POST requires for /admin/deleteUserByAdmin was received. It took 1.24 milliseconds to be resolved
A new POST requires for /admin/deleteUserByAdmin was received. It took 0.99 milliseconds to be resolved
A new POST requires for /admin/deleteUserByAdmin was received. It took 1.11 milliseconds to be resolved
A new POST requires for /admin/deleteUserByAdmin was received. It took 0.96 milliseconds to be resolved
A new GET requires for /csrf-token was received. It took 5.38 milliseconds to be resolved
A new GET requires for /csrf-token was received. It took 1.32 milliseconds to be resolved
A new GET requires for /csrf-token was received. It took 1.30 milliseconds to be resolved
A new GET requires for /csrf-token was received. It took 1.94 milliseconds to be resolved
A new GET requires for /csrf-token was received. It took 2.08 milliseconds to be resolved
A new GET requires for /csrf-token was received. It took 1.79 milliseconds to be resolved
A new GET requires for /csrf-token was received. It took 1.88 milliseconds to be resolved
A new GET requires for /csrf-token was received. It took 1.96 milliseconds to be resolved
A new GET requires for /csrf-token was received. It took 1.19 milliseconds to be resolved
A new POST requires for /admin/deleteUserByAdmin/ was received. It took 1.03 milliseconds to be resolved
A new GET requires for /csrf-token was received. It took 1.83 milliseconds to be resolved
A new GET requires for /csrf-token was received. It took 1.25 milliseconds to be resolved
A new GET requires for /csrf-token was received. It took 1.58 milliseconds to be resolved
A new GET requires for /csrf-token was received. It took 1.90 milliseconds to be resolved
A new GET requires for /csrf-token was received. It took 1.02 milliseconds to be resolved
A new GET requires for /csrf-token was received. It took 1.00 milliseconds to be resolved
A new GET requires for /csrf-token was received. It took 0.74 milliseconds to be resolved
A new GET requires for /csrf-token was received. It took 0.88 milliseconds to be resolved
A new GET requires for /csrf-token was received. It took 0.78 milliseconds to be resolved
A new POST requires for /admin/deleteUserByAdmin/ was received. It took 4.13 milliseconds to be resolved
A new POST requires for /admin/deleteUserByAdmin/ was received. It took 2.34 milliseconds to be resolved
A new POST requires for /admin/deleteUserByAdmin/ was received. It took 1.75 milliseconds to be resolved
A new GET requires for /csrf-token was received. It took 3.50 milliseconds to be resolved
A new GET requires for /csrf-token was received. It took 1.06 milliseconds to be resolved
A new GET requires for /csrf-token was received. It took 1.16 milliseconds to be resolved
A new GET requires for /csrf-token was received. It took 0.88 milliseconds to be resolved
A new GET requires for /csrf-token was received. It took 0.96 milliseconds to be resolved
A new GET requires for /csrf-token was received. It took 1.30 milliseconds to be resolved
A new GET requires for /csrf-token was received. It took 1.06 milliseconds to be resolved
A new GET requires for /csrf-token was received. It took 0.93 milliseconds to be resolved
A new GET requires for /csrf-token was received. It took 0.94 milliseconds to be resolved
A new GET requires for /csrf-token was received. It took 8.38 milliseconds to be resolved
A new GET requires for /csrf-token was received. It took 2.57 milliseconds to be resolved
A new GET requires for /csrf-token was received. It took 0.79 milliseconds to be resolved
A new GET requires for /csrf-token was received. It took 1.31 milliseconds to be resolved
A new GET requires for /csrf-token was received. It took 1.17 milliseconds to be resolved
A new GET requires for /csrf-token was received. It took 1.06 milliseconds to be resolved
A new GET requires for /csrf-token was received. It took 1.08 milliseconds to be resolved
A new GET requires for /csrf-token was received. It took 1.02 milliseconds to be resolved
A new GET requires for /csrf-token was received. It took 1.64 milliseconds to be resolved
A new POST requires for /admin/deleteUserByAdmin/ was received. It took 1.38 milliseconds to be resolved
A new GET requires for /csrf-token was received. It took 2.14 milliseconds to be resolved
A new GET requires for /csrf-token was received. It took 1.73 milliseconds to be resolved
A new GET requires for /csrf-token was received. It took 1.60 milliseconds to be resolved
A new GET requires for /csrf-token was received. It took 1.05 milliseconds to be resolved
A new GET requires for /csrf-token was received. It took 1.47 milliseconds to be resolved
A new GET requires for /csrf-token was received. It took 1.71 milliseconds to be resolved
A new GET requires for /csrf-token was received. It took 1.19 milliseconds to be resolved
A new GET requires for /csrf-token was received. It took 1.85 milliseconds to be resolved
A new GET requires for /csrf-token was received. It took 0.97 milliseconds to be resolved
A new POST requires for /admin/deleteUserByAdmin/123 was received. It took 4.36 milliseconds to be resolved
A new POST requires for /admin/deleteUserByAdmin/123 was received. It took 4.46 milliseconds to be resolved
A new POST requires for /admin/deleteUserByAdmin/123 was received. It took 3.76 milliseconds to be resolved
A new POST requires for /admin/deleteUserByAdmin/123 was received. It took 4.72 milliseconds to be resolved
A new GET requires for /csrf-token was received. It took 11.87 milliseconds to be resolved
A new GET requires for /properties/all was received. It took 35.91 milliseconds to be resolved
A new GET requires for /auth/verify was received. It took 37.83 milliseconds to be resolved
A new GET requires for /blogs/all was received. It took 7.30 milliseconds to be resolved
A new GET requires for /users/all was received. It took 5.34 milliseconds to be resolved
A new GET requires for /csrf-token was received. It took 1.12 milliseconds to be resolved
A new GET requires for /csrf-token was received. It took 1.07 milliseconds to be resolved
A new GET requires for /csrf-token was received. It took 1.36 milliseconds to be resolved
A new GET requires for /csrf-token was received. It took 1.59 milliseconds to be resolved
A new GET requires for /csrf-token was received. It took 2.07 milliseconds to be resolved
A new GET requires for /csrf-token was received. It took 1.49 milliseconds to be resolved
A new GET requires for /csrf-token was received. It took 1.13 milliseconds to be resolved
A new GET requires for /csrf-token was received. It took 1.99 milliseconds to be resolved
A new GET requires for /csrf-token was received. It took 1.37 milliseconds to be resolved
A new GET requires for /csrf-token was received. It took 0.99 milliseconds to be resolved
A new POST requires for /admin/deleteUserByAdmin/123 was received. It took 2.00 milliseconds to be resolved
A new POST requires for /admin/deleteUserByAdmin/123 was received. It took 4.47 milliseconds to be resolved
A new POST requires for /admin/deleteUserByAdmin/123 was received. It took 4.22 milliseconds to be resolved
A new GET requires for /csrf-token was received. It took 7.24 milliseconds to be resolved
A new GET requires for /csrf-token was received. It took 2.12 milliseconds to be resolved
A new GET requires for /csrf-token was received. It took 1.00 milliseconds to be resolved
A new GET requires for /csrf-token was received. It took 1.26 milliseconds to be resolved
A new GET requires for /csrf-token was received. It took 1.05 milliseconds to be resolved
A new GET requires for /csrf-token was received. It took 1.08 milliseconds to be resolved
A new GET requires for /csrf-token was received. It took 1.07 milliseconds to be resolved
A new GET requires for /csrf-token was received. It took 0.94 milliseconds to be resolved
A new GET requires for /csrf-token was received. It took 1.18 milliseconds to be resolved
A new POST requires for /admin/deleteUserByAdmin was received. It took 4.39 milliseconds to be resolved
A new POST requires for /admin/deleteUserByAdmin was received. It took 3.19 milliseconds to be resolved
A new POST requires for /admin/deleteUserByAdmin was received. It took 5.06 milliseconds to be resolved
A new POST requires for /admin/deleteUserByAdmin was received. It took 2.38 milliseconds to be resolved
A new POST requires for /admin/deleteUserByAdmin was received. It took 0.90 milliseconds to be resolved
A new POST requires for /admin/deleteUserByAdmin was received. It took 0.84 milliseconds to be resolved
A new POST requires for /admin/deleteUserByAdmin was received. It took 0.74 milliseconds to be resolved
A new POST requires for /admin/deleteUserByAdmin was received. It took 3.91 milliseconds to be resolved
A new GET requires for /csrf-token was received. It took 3.47 milliseconds to be resolved
A new GET requires for /csrf-token was received. It took 1.09 milliseconds to be resolved
A new GET requires for /csrf-token was received. It took 1.33 milliseconds to be resolved
A new GET requires for /csrf-token was received. It took 0.89 milliseconds to be resolved
A new GET requires for /csrf-token was received. It took 1.10 milliseconds to be resolved
A new GET requires for /csrf-token was received. It took 0.89 milliseconds to be resolved
A new GET requires for /csrf-token was received. It took 0.99 milliseconds to be resolved
A new GET requires for /csrf-token was received. It took 1.29 milliseconds to be resolved
A new GET requires for /csrf-token was received. It took 1.52 milliseconds to be resolved
A new GET requires for /csrf-token was received. It took 1.44 milliseconds to be resolved
A new GET requires for /csrf-token was received. It took 1.88 milliseconds to be resolved
A new GET requires for /csrf-token was received. It took 1.30 milliseconds to be resolved
A new GET requires for /csrf-token was received. It took 0.76 milliseconds to be resolved
A new GET requires for /csrf-token was received. It took 1.05 milliseconds to be resolved
A new GET requires for /csrf-token was received. It took 0.97 milliseconds to be resolved
A new GET requires for /csrf-token was received. It took 1.31 milliseconds to be resolved
A new GET requires for /csrf-token was received. It took 1.17 milliseconds to be resolved
A new GET requires for /csrf-token was received. It took 0.97 milliseconds to be resolved
A new POST requires for /admin/deleteUserByAdmin was received. It took 7.49 milliseconds to be resolved
A new POST requires for /admin/deleteUserByAdmin was received. It took 4.48 milliseconds to be resolved
A new POST requires for /admin/deleteUserByAdmin was received. It took 2.54 milliseconds to be resolved
A new POST requires for /admin/deleteUserByAdmin was received. It took 0.98 milliseconds to be resolved
A new POST requires for /admin/deleteUserByAdmin was received. It took 1.76 milliseconds to be resolved
A new POST requires for /admin/deleteUserByAdmin was received. It took 6.04 milliseconds to be resolved
A new GET requires for /csrf-token was received. It took 5.21 milliseconds to be resolved
A new GET requires for /csrf-token was received. It took 1.78 milliseconds to be resolved
A new GET requires for /csrf-token was received. It took 1.16 milliseconds to be resolved
A new GET requires for /csrf-token was received. It took 1.80 milliseconds to be resolved
A new GET requires for /csrf-token was received. It took 1.61 milliseconds to be resolved
A new GET requires for /csrf-token was received. It took 2.13 milliseconds to be resolved
A new GET requires for /csrf-token was received. It took 1.47 milliseconds to be resolved
A new GET requires for /csrf-token was received. It took 2.03 milliseconds to be resolved
A new GET requires for /csrf-token was received. It took 1.80 milliseconds to be resolved
A new POST requires for /admin/deleteUserByAdmin was received. It took 3.98 milliseconds to be resolved
A new POST requires for /admin/deleteUserByAdmin was received. It took 18.18 milliseconds to be resolved
A new POST requires for /admin/deleteUserByAdmin was received. It took 11.50 milliseconds to be resolved
A new GET requires for /csrf-token was received. It took 7.78 milliseconds to be resolved
A new GET requires for /properties/all was received. It took 40.62 milliseconds to be resolved
A new GET requires for /auth/verify was received. It took 42.87 milliseconds to be resolved
A new GET requires for /blogs/all was received. It took 6.40 milliseconds to be resolved
A new GET requires for /users/all was received. It took 5.06 milliseconds to be resolved
A new GET requires for /csrf-token was received. It took 0.79 milliseconds to be resolved
A new GET requires for /csrf-token was received. It took 1.09 milliseconds to be resolved
A new GET requires for /csrf-token was received. It took 1.01 milliseconds to be resolved
A new GET requires for /csrf-token was received. It took 1.78 milliseconds to be resolved
A new GET requires for /csrf-token was received. It took 1.10 milliseconds to be resolved
A new GET requires for /csrf-token was received. It took 2.48 milliseconds to be resolved
A new GET requires for /csrf-token was received. It took 1.03 milliseconds to be resolved
A new GET requires for /csrf-token was received. It took 1.40 milliseconds to be resolved
A new GET requires for /csrf-token was received. It took 1.12 milliseconds to be resolved
A new GET requires for /csrf-token was received. It took 2.10 milliseconds to be resolved
A new GET requires for /csrf-token was received. It took 2.38 milliseconds to be resolved
A new GET requires for /csrf-token was received. It took 1.20 milliseconds to be resolved
A new GET requires for /csrf-token was received. It took 1.12 milliseconds to be resolved
A new GET requires for /csrf-token was received. It took 1.57 milliseconds to be resolved
A new GET requires for /csrf-token was received. It took 1.19 milliseconds to be resolved
A new GET requires for /csrf-token was received. It took 1.00 milliseconds to be resolved
A new GET requires for /csrf-token was received. It took 0.99 milliseconds to be resolved
A new POST requires for /admin/deleteUserByAdmin was received. It took 6.16 milliseconds to be resolved
A new GET requires for /csrf-token was received. It took 2.18 milliseconds to be resolved
A new GET requires for /csrf-token was received. It took 2.67 milliseconds to be resolved
A new GET requires for /csrf-token was received. It took 1.68 milliseconds to be resolved
A new GET requires for /csrf-token was received. It took 1.61 milliseconds to be resolved
A new GET requires for /csrf-token was received. It took 1.42 milliseconds to be resolved
A new GET requires for /csrf-token was received. It took 1.11 milliseconds to be resolved
A new GET requires for /csrf-token was received. It took 1.39 milliseconds to be resolved
A new GET requires for /csrf-token was received. It took 1.63 milliseconds to be resolved
A new POST requires for /admin/deleteUserByAdmin was received. It took 1.86 milliseconds to be resolved
A new GET requires for /csrf-token was received. It took 1.63 milliseconds to be resolved
A new GET requires for /csrf-token was received. It took 0.99 milliseconds to be resolved
A new GET requires for /csrf-token was received. It took 1.47 milliseconds to be resolved
A new POST requires for /admin/deleteUserByAdmin was received. It took 3.28 milliseconds to be resolved
A new GET requires for /csrf-token was received. It took 2.27 milliseconds to be resolved
A new GET requires for /csrf-token was received. It took 0.83 milliseconds to be resolved
A new GET requires for /csrf-token was received. It took 0.69 milliseconds to be resolved
A new GET requires for /csrf-token was received. It took 0.96 milliseconds to be resolved
A new GET requires for /csrf-token was received. It took 0.84 milliseconds to be resolved
A new POST requires for /admin/deleteUserByAdmin was received. It took 1.91 milliseconds to be resolved
A new GET requires for /csrf-token was received. It took 1.46 milliseconds to be resolved
A new GET requires for /csrf-token was received. It took 1.32 milliseconds to be resolved
A new GET requires for /csrf-token was received. It took 1.05 milliseconds to be resolved
A new GET requires for /csrf-token was received. It took 1.14 milliseconds to be resolved
A new GET requires for /csrf-token was received. It took 1.54 milliseconds to be resolved
A new GET requires for /csrf-token was received. It took 2.40 milliseconds to be resolved
A new GET requires for /csrf-token was received. It took 1.08 milliseconds to be resolved
A new GET requires for /csrf-token was received. It took 2.82 milliseconds to be resolved
A new GET requires for /csrf-token was received. It took 2.02 milliseconds to be resolved
A new GET requires for /csrf-token was received. It took 1.39 milliseconds to be resolved
A new GET requires for /csrf-token was received. It took 1.38 milliseconds to be resolved
A new GET requires for /csrf-token was received. It took 1.98 milliseconds to be resolved
A new GET requires for /csrf-token was received. It took 1.20 milliseconds to be resolved
A new GET requires for /csrf-token was received. It took 1.25 milliseconds to be resolved
A new GET requires for /csrf-token was received. It took 1.51 milliseconds to be resolved
A new GET requires for /csrf-token was received. It took 1.30 milliseconds to be resolved
A new GET requires for /csrf-token was received. It took 1.13 milliseconds to be resolved
A new GET requires for /csrf-token was received. It took 1.14 milliseconds to be resolved
A new GET requires for /csrf-token was received. It took 1.19 milliseconds to be resolved
A new GET requires for /csrf-token was received. It took 0.97 milliseconds to be resolved
A new GET requires for /csrf-token was received. It took 0.74 milliseconds to be resolved
A new GET requires for /csrf-token was received. It took 0.71 milliseconds to be resolved
A new GET requires for /csrf-token was received. It took 0.73 milliseconds to be resolved
A new GET requires for /csrf-token was received. It took 0.79 milliseconds to be resolved
A new POST requires for /admin/deleteUserByAdmin was received. It took 2.39 milliseconds to be resolved
A new POST requires for /admin/deleteUserByAdmin was received. It took 1.90 milliseconds to be resolved
A new GET requires for /csrf-token was received. It took 11.43 milliseconds to be resolved
A new GET requires for /auth/verify was received. It took 32.09 milliseconds to be resolved
A new GET requires for /properties/all was received. It took 48.14 milliseconds to be resolved
A new GET requires for /blogs/all was received. It took 6.58 milliseconds to be resolved
A new GET requires for /users/all was received. It took 5.41 milliseconds to be resolved
A new GET requires for /csrf-token was received. It took 0.90 milliseconds to be resolved
A new GET requires for /csrf-token was received. It took 0.95 milliseconds to be resolved
A new GET requires for /csrf-token was received. It took 0.82 milliseconds to be resolved
A new GET requires for /csrf-token was received. It took 1.33 milliseconds to be resolved
A new GET requires for /csrf-token was received. It took 1.38 milliseconds to be resolved
A new GET requires for /csrf-token was received. It took 1.11 milliseconds to be resolved
A new GET requires for /csrf-token was received. It took 0.77 milliseconds to be resolved
A new GET requires for /csrf-token was received. It took 1.12 milliseconds to be resolved
A new GET requires for /csrf-token was received. It took 2.65 milliseconds to be resolved
A new GET requires for /csrf-token was received. It took 2.07 milliseconds to be resolved
A new GET requires for /csrf-token was received. It took 1.96 milliseconds to be resolved
A new GET requires for /csrf-token was received. It took 2.10 milliseconds to be resolved
A new GET requires for /csrf-token was received. It took 1.91 milliseconds to be resolved
A new GET requires for /csrf-token was received. It took 1.58 milliseconds to be resolved
A new GET requires for /csrf-token was received. It took 1.48 milliseconds to be resolved
A new POST requires for /admin/deleteUserByAdmin was received. It took 16.80 milliseconds to be resolved
