A new GET requires for /properties/all was received. It took 23.34 milliseconds to be resolved
A new GET requires for /auth/verify was received. It took 9.08 milliseconds to be resolved
A new GET requires for /properties/all was received. It took 80.76 milliseconds to be resolved
A new GET requires for /auth/verify was received. It took 53.52 milliseconds to be resolved
A new GET requires for /csrf-token was received. It took 1.76 milliseconds to be resolved
A new GET requires for /csrf-token was received. It took 1.50 milliseconds to be resolved
A new GET requires for /properties/all was received. It took 15.22 milliseconds to be resolved
A new GET requires for /auth/verify was received. It took 7.45 milliseconds to be resolved
A new GET requires for /csrf-token was received. It took 1.93 milliseconds to be resolved
A new GET requires for /csrf-token was received. It took 1.61 milliseconds to be resolved
A new GET requires for /properties/all was received. It took 21.17 milliseconds to be resolved
A new GET requires for /auth/verify was received. It took 8.33 milliseconds to be resolved
A new GET requires for /csrf-token was received. It took 1.19 milliseconds to be resolved
A new GET requires for /csrf-token was received. It took 1.05 milliseconds to be resolved
A new GET requires for /properties/all was received. It took 11.69 milliseconds to be resolved
A new GET requires for /properties/user/656c5783553814fd0ebd7bd1 was received. It took 10.99 milliseconds to be resolved
A new GET requires for /properties/getWishlist/656c5783553814fd0ebd7bd1 was received. It took 18.11 milliseconds to be resolved
A new GET requires for /csrf-token was received. It took 0.92 milliseconds to be resolved
A new GET requires for /profileImage/18dd4a2b1a9Screenshot%202023-12-02%20022215.png was received. It took 8.16 milliseconds to be resolved
A new GET requires for /properties/all was received. It took 10.84 milliseconds to be resolved
A new GET requires for /blogs/all was received. It took 12.40 milliseconds to be resolved
A new GET requires for /users/all was received. It took 3.25 milliseconds to be resolved
A new GET requires for /csrf-token was received. It took 1.68 milliseconds to be resolved
A new GET requires for /csrf-token was received. It took 0.90 milliseconds to be resolved
A new GET requires for /properties/all was received. It took 11.24 milliseconds to be resolved
A new GET requires for /blogs/all was received. It took 7.68 milliseconds to be resolved
A new GET requires for /users/all was received. It took 3.32 milliseconds to be resolved
A new GET requires for /csrf-token was received. It took 0.85 milliseconds to be resolved
A new GET requires for /csrf-token was received. It took 2.48 milliseconds to be resolved
A new GET requires for /csrf-token was received. It took 1.09 milliseconds to be resolved
A new GET requires for /csrf-token was received. It took 0.67 milliseconds to be resolved
A new GET requires for /csrf-token was received. It took 0.82 milliseconds to be resolved
A new GET requires for /csrf-token was received. It took 0.77 milliseconds to be resolved
A new GET requires for /csrf-token was received. It took 0.78 milliseconds to be resolved
A new GET requires for /csrf-token was received. It took 0.80 milliseconds to be resolved
A new GET requires for /csrf-token was received. It took 0.79 milliseconds to be resolved
A new GET requires for /csrf-token was received. It took 0.73 milliseconds to be resolved
A new GET requires for /csrf-token was received. It took 0.69 milliseconds to be resolved
A new GET requires for /csrf-token was received. It took 0.70 milliseconds to be resolved
A new GET requires for /csrf-token was received. It took 0.65 milliseconds to be resolved
A new GET requires for /csrf-token was received. It took 0.62 milliseconds to be resolved
A new GET requires for /csrf-token was received. It took 0.61 milliseconds to be resolved
A new GET requires for /csrf-token was received. It took 0.69 milliseconds to be resolved
A new GET requires for /csrf-token was received. It took 0.89 milliseconds to be resolved
A new GET requires for /csrf-token was received. It took 0.94 milliseconds to be resolved
A new GET requires for /csrf-token was received. It took 0.69 milliseconds to be resolved
A new GET requires for /csrf-token was received. It took 1.29 milliseconds to be resolved
A new GET requires for /csrf-token was received. It took 0.93 milliseconds to be resolved
A new GET requires for /csrf-token was received. It took 0.86 milliseconds to be resolved
A new GET requires for /csrf-token was received. It took 1.19 milliseconds to be resolved
A new GET requires for /csrf-token was received. It took 0.61 milliseconds to be resolved
A new GET requires for /csrf-token was received. It took 0.64 milliseconds to be resolved
A new GET requires for /csrf-token was received. It took 0.64 milliseconds to be resolved
A new GET requires for /csrf-token was received. It took 0.75 milliseconds to be resolved
A new GET requires for /csrf-token was received. It took 0.69 milliseconds to be resolved
A new GET requires for /csrf-token was received. It took 0.64 milliseconds to be resolved
A new GET requires for /csrf-token was received. It took 0.69 milliseconds to be resolved
A new GET requires for /csrf-token was received. It took 0.66 milliseconds to be resolved
A new GET requires for /csrf-token was received. It took 1.15 milliseconds to be resolved
A new GET requires for /csrf-token was received. It took 0.64 milliseconds to be resolved
A new GET requires for /csrf-token was received. It took 0.69 milliseconds to be resolved
A new GET requires for /csrf-token was received. It took 1.19 milliseconds to be resolved
A new GET requires for /csrf-token was received. It took 1.40 milliseconds to be resolved
A new GET requires for /csrf-token was received. It took 1.01 milliseconds to be resolved
A new GET requires for /csrf-token was received. It took 1.10 milliseconds to be resolved
A new GET requires for /csrf-token was received. It took 0.97 milliseconds to be resolved
A new GET requires for /csrf-token was received. It took 0.82 milliseconds to be resolved
A new GET requires for /csrf-token was received. It took 0.65 milliseconds to be resolved
A new GET requires for /csrf-token was received. It took 0.73 milliseconds to be resolved
A new GET requires for /csrf-token was received. It took 0.86 milliseconds to be resolved
A new GET requires for /csrf-token was received. It took 0.95 milliseconds to be resolved
A new GET requires for /csrf-token was received. It took 0.73 milliseconds to be resolved
A new GET requires for /csrf-token was received. It took 0.75 milliseconds to be resolved
A new GET requires for /csrf-token was received. It took 0.80 milliseconds to be resolved
A new GET requires for /csrf-token was received. It took 0.64 milliseconds to be resolved
A new GET requires for /csrf-token was received. It took 0.91 milliseconds to be resolved
A new GET requires for /csrf-token was received. It took 0.94 milliseconds to be resolved
A new GET requires for /csrf-token was received. It took 0.78 milliseconds to be resolved
A new GET requires for /csrf-token was received. It took 1.30 milliseconds to be resolved
A new GET requires for /csrf-token was received. It took 0.91 milliseconds to be resolved
A new GET requires for /csrf-token was received. It took 3.02 milliseconds to be resolved
A new GET requires for /csrf-token was received. It took 0.95 milliseconds to be resolved
A new GET requires for /csrf-token was received. It took 0.82 milliseconds to be resolved
A new GET requires for /csrf-token was received. It took 1.19 milliseconds to be resolved
A new GET requires for /csrf-token was received. It took 0.73 milliseconds to be resolved
A new GET requires for /csrf-token was received. It took 0.71 milliseconds to be resolved
A new GET requires for /csrf-token was received. It took 0.69 milliseconds to be resolved
A new GET requires for /csrf-token was received. It took 0.68 milliseconds to be resolved
A new GET requires for /csrf-token was received. It took 0.82 milliseconds to be resolved
A new GET requires for /csrf-token was received. It took 0.70 milliseconds to be resolved
A new GET requires for /csrf-token was received. It took 0.75 milliseconds to be resolved
A new GET requires for /csrf-token was received. It took 0.81 milliseconds to be resolved
A new GET requires for /csrf-token was received. It took 0.73 milliseconds to be resolved
A new GET requires for /csrf-token was received. It took 0.66 milliseconds to be resolved
A new GET requires for /csrf-token was received. It took 0.72 milliseconds to be resolved
A new GET requires for /csrf-token was received. It took 0.85 milliseconds to be resolved
A new GET requires for /csrf-token was received. It took 0.68 milliseconds to be resolved
A new GET requires for /csrf-token was received. It took 0.97 milliseconds to be resolved
A new GET requires for /csrf-token was received. It took 0.67 milliseconds to be resolved
A new GET requires for /csrf-token was received. It took 0.85 milliseconds to be resolved
A new GET requires for /csrf-token was received. It took 0.80 milliseconds to be resolved
A new GET requires for /csrf-token was received. It took 0.76 milliseconds to be resolved
A new GET requires for /csrf-token was received. It took 0.71 milliseconds to be resolved
A new GET requires for /csrf-token was received. It took 0.85 milliseconds to be resolved
A new GET requires for /csrf-token was received. It took 0.80 milliseconds to be resolved
A new GET requires for /csrf-token was received. It took 1.15 milliseconds to be resolved
A new GET requires for /csrf-token was received. It took 0.90 milliseconds to be resolved
A new GET requires for /csrf-token was received. It took 1.19 milliseconds to be resolved
A new GET requires for /csrf-token was received. It took 1.09 milliseconds to be resolved
A new GET requires for /csrf-token was received. It took 0.68 milliseconds to be resolved
A new GET requires for /csrf-token was received. It took 0.73 milliseconds to be resolved
A new GET requires for /csrf-token was received. It took 0.70 milliseconds to be resolved
A new GET requires for /csrf-token was received. It took 0.65 milliseconds to be resolved
A new GET requires for /csrf-token was received. It took 0.78 milliseconds to be resolved
A new GET requires for /csrf-token was received. It took 0.68 milliseconds to be resolved
A new GET requires for /csrf-token was received. It took 0.69 milliseconds to be resolved
A new GET requires for /csrf-token was received. It took 0.66 milliseconds to be resolved
A new GET requires for /csrf-token was received. It took 0.71 milliseconds to be resolved
A new GET requires for /csrf-token was received. It took 0.72 milliseconds to be resolved
A new GET requires for /csrf-token was received. It took 0.67 milliseconds to be resolved
A new GET requires for /csrf-token was received. It took 0.78 milliseconds to be resolved
A new GET requires for /csrf-token was received. It took 0.70 milliseconds to be resolved
A new GET requires for /csrf-token was received. It took 1.21 milliseconds to be resolved
A new GET requires for /csrf-token was received. It took 0.95 milliseconds to be resolved
A new GET requires for /csrf-token was received. It took 0.64 milliseconds to be resolved
A new GET requires for /csrf-token was received. It took 0.78 milliseconds to be resolved
A new GET requires for /csrf-token was received. It took 0.99 milliseconds to be resolved
A new GET requires for /csrf-token was received. It took 0.94 milliseconds to be resolved
A new GET requires for /csrf-token was received. It took 0.96 milliseconds to be resolved
A new GET requires for /csrf-token was received. It took 1.05 milliseconds to be resolved
A new GET requires for /csrf-token was received. It took 0.95 milliseconds to be resolved
A new GET requires for /csrf-token was received. It took 0.70 milliseconds to be resolved
A new GET requires for /csrf-token was received. It took 0.64 milliseconds to be resolved
A new GET requires for /csrf-token was received. It took 0.88 milliseconds to be resolved
A new GET requires for /csrf-token was received. It took 0.70 milliseconds to be resolved
A new GET requires for /csrf-token was received. It took 0.67 milliseconds to be resolved
A new GET requires for /csrf-token was received. It took 0.71 milliseconds to be resolved
A new GET requires for /csrf-token was received. It took 0.70 milliseconds to be resolved
A new GET requires for /csrf-token was received. It took 0.71 milliseconds to be resolved
A new GET requires for /csrf-token was received. It took 0.77 milliseconds to be resolved
A new GET requires for /csrf-token was received. It took 0.95 milliseconds to be resolved
A new GET requires for /csrf-token was received. It took 0.82 milliseconds to be resolved
A new GET requires for /csrf-token was received. It took 0.75 milliseconds to be resolved
A new GET requires for /csrf-token was received. It took 0.70 milliseconds to be resolved
A new GET requires for /csrf-token was received. It took 0.76 milliseconds to be resolved
A new GET requires for /csrf-token was received. It took 0.70 milliseconds to be resolved
A new GET requires for /csrf-token was received. It took 0.73 milliseconds to be resolved
A new GET requires for /csrf-token was received. It took 0.69 milliseconds to be resolved
A new GET requires for /csrf-token was received. It took 0.70 milliseconds to be resolved
A new GET requires for /csrf-token was received. It took 0.65 milliseconds to be resolved
A new GET requires for /csrf-token was received. It took 0.60 milliseconds to be resolved
A new GET requires for /properties/all was received. It took 19.86 milliseconds to be resolved
A new GET requires for /auth/verify was received. It took 5.43 milliseconds to be resolved
A new GET requires for /csrf-token was received. It took 2.09 milliseconds to be resolved
A new GET requires for /csrf-token was received. It took 1.12 milliseconds to be resolved
A new GET requires for /properties/all was received. It took 13.22 milliseconds to be resolved
A new GET requires for /auth/verify was received. It took 8.68 milliseconds to be resolved
A new GET requires for /csrf-token was received. It took 0.95 milliseconds to be resolved
A new GET requires for /csrf-token was received. It took 1.21 milliseconds to be resolved
A new GET requires for /properties/all was received. It took 10.53 milliseconds to be resolved
A new GET requires for /properties/all was received. It took 8.64 milliseconds to be resolved
A new GET requires for /csrf-token was received. It took 0.69 milliseconds to be resolved
